<?xml version="1.0" encoding="utf-8"?><testsuites name="pytest tests"><testsuite name="pytest" errors="0" failures="0" skipped="0" tests="18" time="10.325" timestamp="2026-02-27T18:13:37.833072+00:00" hostname="agent-env-bf24f17a-06a8-4ec4-9ebd-a8b98ec0d14a"><testcase classname="backend.tests.test_forge_api.TestAuth" name="test_auth_me_without_token_returns_401" time="0.190" /><testcase classname="backend.tests.test_forge_api.TestAuth" name="test_auth_me_with_valid_token" time="0.127" /><testcase classname="backend.tests.test_forge_api.TestHabits" name="test_create_habit" time="0.140" /><testcase classname="backend.tests.test_forge_api.TestHabits" name="test_get_habits" time="0.140" /><testcase classname="backend.tests.test_forge_api.TestHabits" name="test_update_habit" time="0.110" /><testcase classname="backend.tests.test_forge_api.TestCompletions" name="test_create_completion" time="0.163" /><testcase classname="backend.tests.test_forge_api.TestCompletions" name="test_create_completion_idempotent" time="0.113" /><testcase classname="backend.tests.test_forge_api.TestCompletions" name="test_get_completions" time="0.118" /><testcase classname="backend.tests.test_forge_api.TestMoods" name="test_log_mood" time="0.126" /><testcase classname="backend.tests.test_forge_api.TestMoods" name="test_get_today_mood" time="0.133" /><testcase classname="backend.tests.test_forge_api.TestAnalytics" name="test_analytics_stats" time="0.131" /><testcase classname="backend.tests.test_forge_api.TestAnalytics" name="test_analytics_heatmap" time="0.109" /><testcase classname="backend.tests.test_forge_api.TestAnalytics" name="test_analytics_patterns" time="0.133" /><testcase classname="backend.tests.test_forge_api.TestAIInsight" name="test_generate_insight" time="8.007" /><testcase classname="backend.tests.test_forge_api.TestAchievements" name="test_get_achievements" time="0.133" /><testcase classname="backend.tests.test_forge_api.TestSettings" name="test_update_settings" time="0.125" /><testcase classname="backend.tests.test_forge_api.TestSettings" name="test_revert_settings" time="0.135" /><testcase classname="backend.tests.test_forge_api.TestCleanup" name="test_delete_habit" time="0.141" /></testsuite></testsuites>